<?xml version="1.0" encoding="UTF-8"?>
<!-- Generated by org.testng.reporters.JUnitReportReporter -->
<testsuite hostname="LAPTOP-88OL1HSR" failures="0" tests="1" name="com.testcases.LoginTestHRM" time="27.093" errors="0" timestamp="2024-01-21T23:26:57 IST" skipped="0">
  <testcase classname="com.testcases.LoginTestHRM" name="loginApp" time="27.093"/>
  <system-out/>
</testsuite> <!-- com.testcases.LoginTestHRM -->
